This file contains any messages produced by compilers while
running configure, to aid debugging if configure makes a mistake.

It was created by jabber.el configure 0.8.91, which was
generated by GNU Autoconf 2.68.  Invocation command line was

  $ ./configure 

## --------- ##
## Platform. ##
## --------- ##

hostname = debian-vm-home
uname -m = i686
uname -r = 3.2.0-3-686-pae
uname -s = Linux
uname -v = #1 SMP Mon Jul 23 03:50:34 UTC 2012

/usr/bin/uname -p = unknown
/bin/uname -X     = unknown

/bin/arch              = unknown
/usr/bin/arch -k       = unknown
/usr/convex/getsysinfo = unknown
/usr/bin/hostinfo      = unknown
/bin/machine           = unknown
/usr/bin/oslevel       = unknown
/bin/universe          = unknown

PATH: /home/wenshan/bin/
PATH: /home/wenshan/bin
PATH: /usr/local/bin
PATH: /usr/bin
PATH: /bin
PATH: /usr/local/games
PATH: /usr/games


## ----------- ##
## Core tests. ##
## ----------- ##

configure:1768: checking for a BSD-compatible install
configure:1836: result: /usr/bin/install -c
configure:1847: checking whether build environment is sane
configure:1897: result: yes
configure:2038: checking for a thread-safe mkdir -p
configure:2077: result: /bin/mkdir -p
configure:2090: checking for gawk
configure:2120: result: no
configure:2090: checking for mawk
configure:2106: found /usr/bin/mawk
configure:2117: result: mawk
configure:2128: checking whether make sets $(MAKE)
configure:2150: result: yes
configure:2239: checking for emacs
configure:2255: found /usr/bin/emacs
configure:2266: result: emacs
configure:2290: checking where .elc files should go
configure:2303: $EMACS -batch -q -eval '(while load-path (princ (concat (car load-path) "\n")) (setq load-path (cdr load-path)))' </dev/null >conftest.out
Loading 00debian-vars...
Loading /etc/emacs-snapshot/site-start.d/00emacs-snapshot-common.el (source)...
Loading /etc/emacs/site-start.d/20apel.el (source)...
Loading /etc/emacs/site-start.d/50autoconf.el (source)...
Loading /etc/emacs/site-start.d/50dictionaries-common.el (source)...
Skipping dictionaries-common setup for emacs-snapshot
Loading /etc/emacs/site-start.d/50flim.el (source)...
Loading /etc/emacs/site-start.d/50latex-cjk-common.el (source)...
Loading cjk-enc...
Loading /etc/emacs/site-start.d/50latex-cjk-thai.el (source)...
Loading /etc/emacs/site-start.d/50magit.el (source)...
Loading /etc/emacs/site-start.d/50pylint.el (source)...
Loading pylint...
Loading /etc/emacs/site-start.d/50pymacs.el (source)...
Loading /etc/emacs/site-start.d/50thailatex.el (source)...
Loading /etc/emacs/site-start.d/50w3m-el-snapshot.el (source)...
End of file during parsing
configure:2306: $? = 255
configure:2319: result: ${datadir}/emacs/site-lisp
configure:2332: checking whether emacs has library sha1
configure:2340: $EMACS -batch -l conftest.el
Loading 00debian-vars...
Loading /etc/emacs-snapshot/site-start.d/00emacs-snapshot-common.el (source)...
Loading /etc/emacs/site-start.d/20apel.el (source)...
Loading /etc/emacs/site-start.d/50autoconf.el (source)...
Loading /etc/emacs/site-start.d/50dictionaries-common.el (source)...
Skipping dictionaries-common setup for emacs-snapshot
Loading /etc/emacs/site-start.d/50flim.el (source)...
Loading /etc/emacs/site-start.d/50latex-cjk-common.el (source)...
Loading cjk-enc...
Loading /etc/emacs/site-start.d/50latex-cjk-thai.el (source)...
Loading /etc/emacs/site-start.d/50magit.el (source)...
Loading /etc/emacs/site-start.d/50pylint.el (source)...
Loading pylint...
Loading /etc/emacs/site-start.d/50pymacs.el (source)...
Loading /etc/emacs/site-start.d/50thailatex.el (source)...
Loading /etc/emacs/site-start.d/50w3m-el-snapshot.el (source)...
configure:2343: $? = 0
configure:2351: result: yes
configure:2360: checking whether emacs has library sha1-el
configure:2368: $EMACS -batch -l conftest.el
Loading 00debian-vars...
Loading /etc/emacs-snapshot/site-start.d/00emacs-snapshot-common.el (source)...
Loading /etc/emacs/site-start.d/20apel.el (source)...
Loading /etc/emacs/site-start.d/50autoconf.el (source)...
Loading /etc/emacs/site-start.d/50dictionaries-common.el (source)...
Skipping dictionaries-common setup for emacs-snapshot
Loading /etc/emacs/site-start.d/50flim.el (source)...
Loading /etc/emacs/site-start.d/50latex-cjk-common.el (source)...
Loading cjk-enc...
Loading /etc/emacs/site-start.d/50latex-cjk-thai.el (source)...
Loading /etc/emacs/site-start.d/50magit.el (source)...
Loading /etc/emacs/site-start.d/50pylint.el (source)...
Loading pylint...
Loading /etc/emacs/site-start.d/50pymacs.el (source)...
Loading /etc/emacs/site-start.d/50thailatex.el (source)...
Loading /etc/emacs/site-start.d/50w3m-el-snapshot.el (source)...
configure:2371: $? = 0
configure:2379: result: yes
configure:2388: checking whether emacs has library hex-util
configure:2396: $EMACS -batch -l conftest.el
Loading 00debian-vars...
Loading /etc/emacs-snapshot/site-start.d/00emacs-snapshot-common.el (source)...
Loading /etc/emacs/site-start.d/20apel.el (source)...
Loading /etc/emacs/site-start.d/50autoconf.el (source)...
Loading /etc/emacs/site-start.d/50dictionaries-common.el (source)...
Skipping dictionaries-common setup for emacs-snapshot
Loading /etc/emacs/site-start.d/50flim.el (source)...
Loading /etc/emacs/site-start.d/50latex-cjk-common.el (source)...
Loading cjk-enc...
Loading /etc/emacs/site-start.d/50latex-cjk-thai.el (source)...
Loading /etc/emacs/site-start.d/50magit.el (source)...
Loading /etc/emacs/site-start.d/50pylint.el (source)...
Loading pylint...
Loading /etc/emacs/site-start.d/50pymacs.el (source)...
Loading /etc/emacs/site-start.d/50thailatex.el (source)...
Loading /etc/emacs/site-start.d/50w3m-el-snapshot.el (source)...
configure:2399: $? = 0
configure:2407: result: yes
configure:2416: checking whether emacs has library hexrgb
configure:2424: $EMACS -batch -l conftest.el
Loading 00debian-vars...
Loading /etc/emacs-snapshot/site-start.d/00emacs-snapshot-common.el (source)...
Loading /etc/emacs/site-start.d/20apel.el (source)...
Loading /etc/emacs/site-start.d/50autoconf.el (source)...
Loading /etc/emacs/site-start.d/50dictionaries-common.el (source)...
Skipping dictionaries-common setup for emacs-snapshot
Loading /etc/emacs/site-start.d/50flim.el (source)...
Loading /etc/emacs/site-start.d/50latex-cjk-common.el (source)...
Loading cjk-enc...
Loading /etc/emacs/site-start.d/50latex-cjk-thai.el (source)...
Loading /etc/emacs/site-start.d/50magit.el (source)...
Loading /etc/emacs/site-start.d/50pylint.el (source)...
Loading pylint...
Loading /etc/emacs/site-start.d/50pymacs.el (source)...
Loading /etc/emacs/site-start.d/50thailatex.el (source)...
Loading /etc/emacs/site-start.d/50w3m-el-snapshot.el (source)...
Cannot open load file: hexrgb
configure:2427: $? = 255
configure:2435: result: no
configure:2471: checking for gconftool-2
configure:2489: found /usr/bin/gconftool-2
configure:2502: result: /usr/bin/gconftool-2
configure:2542: result: Using config source xml:merged:/etc/gconf/gconf.xml.defaults for schema installation
configure:2557: result: Using $(sysconfdir)/gconf/schemas as install directory for schema files
configure:2755: creating ./config.status

## ---------------------- ##
## Running config.status. ##
## ---------------------- ##

This file was extended by jabber.el config.status 0.8.91, which was
generated by GNU Autoconf 2.68.  Invocation command line was

  CONFIG_FILES    = 
  CONFIG_HEADERS  = 
  CONFIG_LINKS    = 
  CONFIG_COMMANDS = 
  $ ./config.status 

on debian-vm-home

config.status:769: creating Makefile
config.status:769: creating tests/Makefile
config.status:769: creating gconf/Makefile
config.status:769: creating jabber-ourversion.el

## ---------------- ##
## Cache variables. ##
## ---------------- ##

ac_cv_env_EMACSLOADPATH_set=
ac_cv_env_EMACSLOADPATH_value=
ac_cv_env_EMACS_set=
ac_cv_env_EMACS_value=
ac_cv_env_build_alias_set=
ac_cv_env_build_alias_value=
ac_cv_env_host_alias_set=
ac_cv_env_host_alias_value=
ac_cv_env_target_alias_set=
ac_cv_env_target_alias_value=
ac_cv_path_GCONFTOOL=/usr/bin/gconftool-2
ac_cv_path_install='/usr/bin/install -c'
ac_cv_path_mkdir=/bin/mkdir
ac_cv_prog_AWK=mawk
ac_cv_prog_EMACS=emacs
ac_cv_prog_make_make_set=yes
am_cv_lispdir='${datadir}/emacs/site-lisp'
ax_cv_emacs_lib_hex_util=yes
ax_cv_emacs_lib_hexrgb=no
ax_cv_emacs_lib_sha1=yes
ax_cv_emacs_lib_sha1_el=yes

## ----------------- ##
## Output variables. ##
## ----------------- ##

ACLOCAL='${SHELL} /tmp/emacs-jabber-0.8.91/build-aux/missing --run aclocal-1.11'
AMTAR='${SHELL} /tmp/emacs-jabber-0.8.91/build-aux/missing --run tar'
AUTOCONF='${SHELL} /tmp/emacs-jabber-0.8.91/build-aux/missing --run autoconf'
AUTOHEADER='${SHELL} /tmp/emacs-jabber-0.8.91/build-aux/missing --run autoheader'
AUTOMAKE='${SHELL} /tmp/emacs-jabber-0.8.91/build-aux/missing --run automake-1.11'
AWK='mawk'
CYGPATH_W='echo'
DEFS='-DPACKAGE_NAME=\"jabber.el\" -DPACKAGE_TARNAME=\"emacs-jabber\" -DPACKAGE_VERSION=\"0.8.91\" -DPACKAGE_STRING=\"jabber.el\ 0.8.91\" -DPACKAGE_BUGREPORT=\"emacs-jabber-general@lists.sourceforge.net\" -DPACKAGE_URL=\"\" -DPACKAGE=\"emacs-jabber\" -DVERSION=\"0.8.91\"'
ECHO_C=''
ECHO_N='-n'
ECHO_T=''
EMACS='emacs'
EMACSLOADPATH=''
GCONFTOOL='/usr/bin/gconftool-2'
GCONF_SCHEMAS_INSTALL_FALSE='#'
GCONF_SCHEMAS_INSTALL_TRUE=''
GCONF_SCHEMA_CONFIG_SOURCE='xml:merged:/etc/gconf/gconf.xml.defaults'
GCONF_SCHEMA_FILE_DIR='$(sysconfdir)/gconf/schemas'
INSTALL_DATA='${INSTALL} -m 644'
INSTALL_PROGRAM='${INSTALL}'
INSTALL_SCRIPT='${INSTALL}'
INSTALL_STRIP_PROGRAM='$(install_sh) -c -s'
LIBOBJS=''
LIBS=''
LTLIBOBJS=''
MAKEINFO='${SHELL} /tmp/emacs-jabber-0.8.91/build-aux/missing --run makeinfo'
MKDIR_P='/bin/mkdir -p'
PACKAGE='emacs-jabber'
PACKAGE_BUGREPORT='emacs-jabber-general@lists.sourceforge.net'
PACKAGE_NAME='jabber.el'
PACKAGE_STRING='jabber.el 0.8.91'
PACKAGE_TARNAME='emacs-jabber'
PACKAGE_URL=''
PACKAGE_VERSION='0.8.91'
PATH_SEPARATOR=':'
SET_MAKE=''
SHELL='/bin/bash'
STRIP=''
USE_GCONFTOOL_FALSE='#'
USE_GCONFTOOL_TRUE=''
USE_OUR_HEXRGB_FALSE='#'
USE_OUR_HEXRGB_TRUE=''
USE_OUR_HEX_UTIL_FALSE=''
USE_OUR_HEX_UTIL_TRUE='#'
USE_OUR_SHA1_FALSE=''
USE_OUR_SHA1_TRUE='#'
VERSION='0.8.91'
am__isrc=''
am__leading_dot='.'
am__tar='${AMTAR} chof - "$$tardir"'
am__untar='${AMTAR} xf -'
bindir='${exec_prefix}/bin'
build_alias=''
datadir='${datarootdir}'
datarootdir='${prefix}/share'
docdir='${datarootdir}/doc/${PACKAGE_TARNAME}'
dvidir='${docdir}'
exec_prefix='${prefix}'
host_alias=''
htmldir='${docdir}'
includedir='${prefix}/include'
infodir='${datarootdir}/info'
install_sh='${SHELL} /tmp/emacs-jabber-0.8.91/build-aux/install-sh'
libdir='${exec_prefix}/lib'
libexecdir='${exec_prefix}/libexec'
lispdir='${datadir}/emacs/site-lisp'
localedir='${datarootdir}/locale'
localstatedir='${prefix}/var'
mandir='${datarootdir}/man'
mkdir_p='/bin/mkdir -p'
oldincludedir='/usr/include'
pdfdir='${docdir}'
prefix='/usr/local'
program_transform_name='s,x,x,'
psdir='${docdir}'
sbindir='${exec_prefix}/sbin'
sharedstatedir='${prefix}/com'
sysconfdir='${prefix}/etc'
target_alias=''

## ----------- ##
## confdefs.h. ##
## ----------- ##

/* confdefs.h */
#define PACKAGE_NAME "jabber.el"
#define PACKAGE_TARNAME "emacs-jabber"
#define PACKAGE_VERSION "0.8.91"
#define PACKAGE_STRING "jabber.el 0.8.91"
#define PACKAGE_BUGREPORT "emacs-jabber-general@lists.sourceforge.net"
#define PACKAGE_URL ""
#define PACKAGE "emacs-jabber"
#define VERSION "0.8.91"

configure: exit 0
